=================================================
LOG FILE CREATED 05-06-2005  03:19:40
=================================================

05-06-2005  03:19:51     Disconnecting from Host Application
05-06-2005  03:19:51     Starting primary shutdown routine
05-06-2005  03:19:51     Performing Sync process shutdown routine
10-11-2005  04:42:17     System.NullReferenceException: Object reference not set to an instance of an object.
   at OutlookOIS.SyncManager.AddSingleFolderEventHandler(MAPIFolder folder, Boolean bUnignore)
10-11-2005  04:42:55     System.NullReferenceException: Object reference not set to an instance of an object.
   at OutlookOIS.SyncManager.AddSingleFolderEventHandler(MAPIFolder folder, Boolean bUnignore)
10-11-2005  07:42:09     Starting primary shutdown routine
10-11-2005  07:42:10     Performing Sync process shutdown routine
10-11-2005  07:42:11     Disconnecting from Host Application
10-12-2005  01:01:42     System.Runtime.InteropServices.COMException (0xDAC40111): The path specified for the file Z:\Documents and Settings\Brian Abbott\Local Settings\Application Data\Microsoft\Outlook\Outlook.pst is not valid.
   at Microsoft.Office.Interop.Outlook.MAPIFolder.get_DefaultItemType()
   at OutlookOIS.SyncManager.AddSingleFolderEventHandler(MAPIFolder folder, Boolean bUnignore)
10-12-2005  01:01:42     System.Runtime.InteropServices.COMException (0xDEE40111): The path specified for the file Z:\Documents and Settings\Brian Abbott\Local Settings\Application Data\Microsoft\Outlook\Outlook.pst is not valid.
   at Microsoft.Office.Interop.Outlook.MAPIFolder.get_Folders()
   at OutlookOIS.SyncManager.AddFolderEventHandlers(MAPIFolder folder)
10-12-2005  01:01:42     System.Runtime.InteropServices.COMException (0xE7240111): The path specified for the file Z:\Local Settings\Application Data\Microsoft\Outlook\Outlook.pst is not valid.
   at Microsoft.Office.Interop.Outlook.MAPIFolder.get_DefaultItemType()
   at OutlookOIS.SyncManager.AddSingleFolderEventHandler(MAPIFolder folder, Boolean bUnignore)
10-12-2005  01:01:42     System.Runtime.InteropServices.COMException (0xEB440111): The path specified for the file Z:\Local Settings\Application Data\Microsoft\Outlook\Outlook.pst is not valid.
   at Microsoft.Office.Interop.Outlook.MAPIFolder.get_Folders()
   at OutlookOIS.SyncManager.AddFolderEventHandlers(MAPIFolder folder)
10-12-2005  01:12:57     Starting primary shutdown routine
10-12-2005  01:12:57     Performing Sync process shutdown routine
10-12-2005  01:12:59     Disconnecting from Host Application
10-12-2005  04:58:39     Starting primary shutdown routine
10-12-2005  04:58:39     Performing Sync process shutdown routine
10-12-2005  04:58:40     Disconnecting from Host Application
10-12-2005  05:03:25     Starting primary shutdown routine
10-12-2005  05:03:27     Performing Sync process shutdown routine
10-12-2005  05:03:29     Disconnecting from Host Application
10-12-2005  06:28:26     System.Runtime.InteropServices.COMException (0xDAC40111): The path specified for the file Z:\Documents and Settings\Brian Abbott\Local Settings\Application Data\Microsoft\Outlook\Outlook.pst is not valid.
   at Microsoft.Office.Interop.Outlook.MAPIFolder.get_DefaultItemType()
   at OutlookOIS.SyncManager.AddSingleFolderEventHandler(MAPIFolder folder, Boolean bUnignore)
10-12-2005  06:28:26     System.Runtime.InteropServices.COMException (0xDEE40111): The path specified for the file Z:\Documents and Settings\Brian Abbott\Local Settings\Application Data\Microsoft\Outlook\Outlook.pst is not valid.
   at Microsoft.Office.Interop.Outlook.MAPIFolder.get_Folders()
   at OutlookOIS.SyncManager.AddFolderEventHandlers(MAPIFolder folder)
10-12-2005  06:28:26     System.Runtime.InteropServices.COMException (0xE7240111): The path specified for the file Z:\Local Settings\Application Data\Microsoft\Outlook\Outlook.pst is not valid.
   at Microsoft.Office.Interop.Outlook.MAPIFolder.get_DefaultItemType()
   at OutlookOIS.SyncManager.AddSingleFolderEventHandler(MAPIFolder folder, Boolean bUnignore)
10-12-2005  06:28:26     System.Runtime.InteropServices.COMException (0xEB440111): The path specified for the file Z:\Local Settings\Application Data\Microsoft\Outlook\Outlook.pst is not valid.
   at Microsoft.Office.Interop.Outlook.MAPIFolder.get_Folders()
   at OutlookOIS.SyncManager.AddFolderEventHandlers(MAPIFolder folder)
10-12-2005  06:29:59     Starting primary shutdown routine
10-12-2005  06:29:59     Performing Sync process shutdown routine
10-12-2005  06:29:59     Disconnecting from Host Application
10-13-2005  05:02:54     Starting primary shutdown routine
10-13-2005  05:02:56     Performing Sync process shutdown routine
10-13-2005  05:02:59     Disconnecting from Host Application
10-13-2005  12:58:14     System.Runtime.InteropServices.COMException (0xDAC40111): The path specified for the file Z:\Documents and Settings\Brian Abbott\Local Settings\Application Data\Microsoft\Outlook\Outlook.pst is not valid.
   at Microsoft.Office.Interop.Outlook.MAPIFolder.get_DefaultItemType()
   at OutlookOIS.SyncManager.AddSingleFolderEventHandler(MAPIFolder folder, Boolean bUnignore)
10-13-2005  12:58:14     System.Runtime.InteropServices.COMException (0xDEE40111): The path specified for the file Z:\Documents and Settings\Brian Abbott\Local Settings\Application Data\Microsoft\Outlook\Outlook.pst is not valid.
   at Microsoft.Office.Interop.Outlook.MAPIFolder.get_Folders()
   at OutlookOIS.SyncManager.AddFolderEventHandlers(MAPIFolder folder)
10-13-2005  12:58:14     System.Runtime.InteropServices.COMException (0xE7240111): The path specified for the file Z:\Local Settings\Application Data\Microsoft\Outlook\Outlook.pst is not valid.
   at Microsoft.Office.Interop.Outlook.MAPIFolder.get_DefaultItemType()
   at OutlookOIS.SyncManager.AddSingleFolderEventHandler(MAPIFolder folder, Boolean bUnignore)
10-13-2005  12:58:14     System.Runtime.InteropServices.COMException (0xEB440111): The path specified for the file Z:\Local Settings\Application Data\Microsoft\Outlook\Outlook.pst is not valid.
   at Microsoft.Office.Interop.Outlook.MAPIFolder.get_Folders()
   at OutlookOIS.SyncManager.AddFolderEventHandlers(MAPIFolder folder)
10-13-2005  03:11:39     Starting primary shutdown routine
10-13-2005  03:11:40     Performing Sync process shutdown routine
10-13-2005  03:11:42     Disconnecting from Host Application
10-13-2005  03:20:17     Starting primary shutdown routine
10-13-2005  03:20:17     Performing Sync process shutdown routine
10-13-2005  03:20:17     Disconnecting from Host Application
10-13-2005  03:23:22     Starting primary shutdown routine
10-13-2005  03:23:22     Performing Sync process shutdown routine
10-13-2005  03:23:22     Disconnecting from Host Application
10-14-2005  03:46:49     Starting primary shutdown routine
10-14-2005  03:46:53     Performing Sync process shutdown routine
10-14-2005  03:46:57     Disconnecting from Host Application
10-14-2005  11:59:52     System.Runtime.InteropServices.COMException (0xDAC40111): The path specified for the file Z:\Documents and Settings\Brian Abbott\Local Settings\Application Data\Microsoft\Outlook\Outlook.pst is not valid.
   at Microsoft.Office.Interop.Outlook.MAPIFolder.get_DefaultItemType()
   at OutlookOIS.SyncManager.AddSingleFolderEventHandler(MAPIFolder folder, Boolean bUnignore)
10-14-2005  11:59:52     System.Runtime.InteropServices.COMException (0xDEE40111): The path specified for the file Z:\Documents and Settings\Brian Abbott\Local Settings\Application Data\Microsoft\Outlook\Outlook.pst is not valid.
   at Microsoft.Office.Interop.Outlook.MAPIFolder.get_Folders()
   at OutlookOIS.SyncManager.AddFolderEventHandlers(MAPIFolder folder)
10-14-2005  11:59:52     System.Runtime.InteropServices.COMException (0xE7240111): The path specified for the file Z:\Local Settings\Application Data\Microsoft\Outlook\Outlook.pst is not valid.
   at Microsoft.Office.Interop.Outlook.MAPIFolder.get_DefaultItemType()
   at OutlookOIS.SyncManager.AddSingleFolderEventHandler(MAPIFolder folder, Boolean bUnignore)
10-14-2005  11:59:52     System.Runtime.InteropServices.COMException (0xEB440111): The path specified for the file Z:\Local Settings\Application Data\Microsoft\Outlook\Outlook.pst is not valid.
   at Microsoft.Office.Interop.Outlook.MAPIFolder.get_Folders()
   at OutlookOIS.SyncManager.AddFolderEventHandlers(MAPIFolder folder)
10-14-2005  01:49:47     Starting primary shutdown routine
10-14-2005  01:49:49     Performing Sync process shutdown routine
10-14-2005  01:49:53     Disconnecting from Host Application
10-14-2005  01:52:32     Starting primary shutdown routine
10-14-2005  01:52:32     Performing Sync process shutdown routine
10-14-2005  01:52:33     Disconnecting from Host Application
10-14-2005  02:21:03     System.Runtime.InteropServices.COMException (0xDAC40111): The path specified for the file Z:\Documents and Settings\Brian Abbott\Local Settings\Application Data\Microsoft\Outlook\Outlook.pst is not valid.
   at Microsoft.Office.Interop.Outlook.MAPIFolder.get_DefaultItemType()
   at OutlookOIS.SyncManager.AddSingleFolderEventHandler(MAPIFolder folder, Boolean bUnignore)
10-14-2005  02:21:03     System.Runtime.InteropServices.COMException (0xDEE40111): The path specified for the file Z:\Documents and Settings\Brian Abbott\Local Settings\Application Data\Microsoft\Outlook\Outlook.pst is not valid.
   at Microsoft.Office.Interop.Outlook.MAPIFolder.get_Folders()
   at OutlookOIS.SyncManager.AddFolderEventHandlers(MAPIFolder folder)
10-14-2005  02:21:03     System.Runtime.InteropServices.COMException (0xE7240111): The path specified for the file Z:\Local Settings\Application Data\Microsoft\Outlook\Outlook.pst is not valid.
   at Microsoft.Office.Interop.Outlook.MAPIFolder.get_DefaultItemType()
   at OutlookOIS.SyncManager.AddSingleFolderEventHandler(MAPIFolder folder, Boolean bUnignore)
10-14-2005  02:21:03     System.Runtime.InteropServices.COMException (0xEB440111): The path specified for the file Z:\Local Settings\Application Data\Microsoft\Outlook\Outlook.pst is not valid.
   at Microsoft.Office.Interop.Outlook.MAPIFolder.get_Folders()
   at OutlookOIS.SyncManager.AddFolderEventHandlers(MAPIFolder folder)
10-14-2005  03:55:29     Starting primary shutdown routine
10-14-2005  03:55:30     Performing Sync process shutdown routine
10-14-2005  03:55:31     Disconnecting from Host Application
10-14-2005  03:58:31     System.Runtime.InteropServices.COMException (0xDAC40111): The path specified for the file Z:\Documents and Settings\Brian Abbott\Local Settings\Application Data\Microsoft\Outlook\Outlook.pst is not valid.
   at Microsoft.Office.Interop.Outlook.MAPIFolder.get_DefaultItemType()
   at OutlookOIS.SyncManager.AddSingleFolderEventHandler(MAPIFolder folder, Boolean bUnignore)
10-14-2005  03:58:31     System.Runtime.InteropServices.COMException (0xDEE40111): The path specified for the file Z:\Documents and Settings\Brian Abbott\Local Settings\Application Data\Microsoft\Outlook\Outlook.pst is not valid.
   at Microsoft.Office.Interop.Outlook.MAPIFolder.get_Folders()
   at OutlookOIS.SyncManager.AddFolderEventHandlers(MAPIFolder folder)
10-14-2005  03:58:31     System.Runtime.InteropServices.COMException (0xE7240111): The path specified for the file Z:\Local Settings\Application Data\Microsoft\Outlook\Outlook.pst is not valid.
   at Microsoft.Office.Interop.Outlook.MAPIFolder.get_DefaultItemType()
   at OutlookOIS.SyncManager.AddSingleFolderEventHandler(MAPIFolder folder, Boolean bUnignore)
10-14-2005  03:58:31     System.Runtime.InteropServices.COMException (0xEB440111): The path specified for the file Z:\Local Settings\Application Data\Microsoft\Outlook\Outlook.pst is not valid.
   at Microsoft.Office.Interop.Outlook.MAPIFolder.get_Folders()
   at OutlookOIS.SyncManager.AddFolderEventHandlers(MAPIFolder folder)
10-14-2005  04:00:06     Starting primary shutdown routine
10-14-2005  04:00:06     Performing Sync process shutdown routine
10-14-2005  04:00:06     Disconnecting from Host Application
10-14-2005  04:08:39     System.Runtime.InteropServices.COMException (0xDAC40111): The path specified for the file Z:\Documents and Settings\Brian Abbott\Local Settings\Application Data\Microsoft\Outlook\Outlook.pst is not valid.
   at Microsoft.Office.Interop.Outlook.MAPIFolder.get_DefaultItemType()
   at OutlookOIS.SyncManager.AddSingleFolderEventHandler(MAPIFolder folder, Boolean bUnignore)
10-14-2005  04:08:39     System.Runtime.InteropServices.COMException (0xDEE40111): The path specified for the file Z:\Documents and Settings\Brian Abbott\Local Settings\Application Data\Microsoft\Outlook\Outlook.pst is not valid.
   at Microsoft.Office.Interop.Outlook.MAPIFolder.get_Folders()
   at OutlookOIS.SyncManager.AddFolderEventHandlers(MAPIFolder folder)
10-14-2005  04:08:39     System.Runtime.InteropServices.COMException (0xE7240111): The path specified for the file Z:\Local Settings\Application Data\Microsoft\Outlook\Outlook.pst is not valid.
   at Microsoft.Office.Interop.Outlook.MAPIFolder.get_DefaultItemType()
   at OutlookOIS.SyncManager.AddSingleFolderEventHandler(MAPIFolder folder, Boolean bUnignore)
10-14-2005  04:08:39     System.Runtime.InteropServices.COMException (0xEB440111): The path specified for the file Z:\Local Settings\Application Data\Microsoft\Outlook\Outlook.pst is not valid.
   at Microsoft.Office.Interop.Outlook.MAPIFolder.get_Folders()
   at OutlookOIS.SyncManager.AddFolderEventHandlers(MAPIFolder folder)
10-14-2005  04:11:15     Starting primary shutdown routine
10-14-2005  04:11:15     Performing Sync process shutdown routine
10-14-2005  04:11:15     Disconnecting from Host Application
10-14-2005  04:16:41     System.Runtime.InteropServices.COMException (0xDAC40111): The path specified for the file Z:\Documents and Settings\Brian Abbott\Local Settings\Application Data\Microsoft\Outlook\Outlook.pst is not valid.
   at Microsoft.Office.Interop.Outlook.MAPIFolder.get_DefaultItemType()
   at OutlookOIS.SyncManager.AddSingleFolderEventHandler(MAPIFolder folder, Boolean bUnignore)
10-14-2005  04:16:41     System.Runtime.InteropServices.COMException (0xDEE40111): The path specified for the file Z:\Documents and Settings\Brian Abbott\Local Settings\Application Data\Microsoft\Outlook\Outlook.pst is not valid.
   at Microsoft.Office.Interop.Outlook.MAPIFolder.get_Folders()
   at OutlookOIS.SyncManager.AddFolderEventHandlers(MAPIFolder folder)
10-14-2005  04:16:41     System.Runtime.InteropServices.COMException (0xE7240111): The path specified for the file Z:\Local Settings\Application Data\Microsoft\Outlook\Outlook.pst is not valid.
   at Microsoft.Office.Interop.Outlook.MAPIFolder.get_DefaultItemType()
   at OutlookOIS.SyncManager.AddSingleFolderEventHandler(MAPIFolder folder, Boolean bUnignore)
10-14-2005  04:16:41     System.Runtime.InteropServices.COMException (0xEB440111): The path specified for the file Z:\Local Settings\Application Data\Microsoft\Outlook\Outlook.pst is not valid.
   at Microsoft.Office.Interop.Outlook.MAPIFolder.get_Folders()
   at OutlookOIS.SyncManager.AddFolderEventHandlers(MAPIFolder folder)
10-14-2005  04:22:34     Starting primary shutdown routine
10-14-2005  04:22:34     Performing Sync process shutdown routine
10-14-2005  04:22:34     Disconnecting from Host Application
10-14-2005  04:26:02     System.Runtime.InteropServices.COMException (0xDAC40111): The path specified for the file Z:\Documents and Settings\Brian Abbott\Local Settings\Application Data\Microsoft\Outlook\Outlook.pst is not valid.
   at Microsoft.Office.Interop.Outlook.MAPIFolder.get_DefaultItemType()
   at OutlookOIS.SyncManager.AddSingleFolderEventHandler(MAPIFolder folder, Boolean bUnignore)
10-14-2005  04:26:02     System.Runtime.InteropServices.COMException (0xDEE40111): The path specified for the file Z:\Documents and Settings\Brian Abbott\Local Settings\Application Data\Microsoft\Outlook\Outlook.pst is not valid.
   at Microsoft.Office.Interop.Outlook.MAPIFolder.get_Folders()
   at OutlookOIS.SyncManager.AddFolderEventHandlers(MAPIFolder folder)
10-14-2005  04:26:02     System.Runtime.InteropServices.COMException (0xE7240111): The path specified for the file Z:\Local Settings\Application Data\Microsoft\Outlook\Outlook.pst is not valid.
   at Microsoft.Office.Interop.Outlook.MAPIFolder.get_DefaultItemType()
   at OutlookOIS.SyncManager.AddSingleFolderEventHandler(MAPIFolder folder, Boolean bUnignore)
10-14-2005  04:26:02     System.Runtime.InteropServices.COMException (0xEB440111): The path specified for the file Z:\Local Settings\Application Data\Microsoft\Outlook\Outlook.pst is not valid.
   at Microsoft.Office.Interop.Outlook.MAPIFolder.get_Folders()
   at OutlookOIS.SyncManager.AddFolderEventHandlers(MAPIFolder folder)
10-14-2005  04:26:27     Starting primary shutdown routine
10-14-2005  04:26:27     Performing Sync process shutdown routine
10-14-2005  04:26:27     Disconnecting from Host Application
10-14-2005  04:57:36     System.Runtime.InteropServices.COMException (0xDAC40111): The path specified for the file Z:\Documents and Settings\Brian Abbott\Local Settings\Application Data\Microsoft\Outlook\Outlook.pst is not valid.
   at Microsoft.Office.Interop.Outlook.MAPIFolder.get_DefaultItemType()
   at OutlookOIS.SyncManager.AddSingleFolderEventHandler(MAPIFolder folder, Boolean bUnignore)
10-14-2005  04:57:36     System.Runtime.InteropServices.COMException (0xDEE40111): The path specified for the file Z:\Documents and Settings\Brian Abbott\Local Settings\Application Data\Microsoft\Outlook\Outlook.pst is not valid.
   at Microsoft.Office.Interop.Outlook.MAPIFolder.get_Folders()
   at OutlookOIS.SyncManager.AddFolderEventHandlers(MAPIFolder folder)
10-14-2005  04:57:36     System.Runtime.InteropServices.COMException (0xE7240111): The path specified for the file Z:\Local Settings\Application Data\Microsoft\Outlook\Outlook.pst is not valid.
   at Microsoft.Office.Interop.Outlook.MAPIFolder.get_DefaultItemType()
   at OutlookOIS.SyncManager.AddSingleFolderEventHandler(MAPIFolder folder, Boolean bUnignore)
10-14-2005  04:57:36     System.Runtime.InteropServices.COMException (0xEB440111): The path specified for the file Z:\Local Settings\Application Data\Microsoft\Outlook\Outlook.pst is not valid.
   at Microsoft.Office.Interop.Outlook.MAPIFolder.get_Folders()
   at OutlookOIS.SyncManager.AddFolderEventHandlers(MAPIFolder folder)
10-14-2005  04:58:39     Starting primary shutdown routine
10-14-2005  04:58:39     Performing Sync process shutdown routine
10-14-2005  04:58:39     Disconnecting from Host Application
10-15-2005  04:34:38     Starting primary shutdown routine
10-15-2005  04:34:40     Performing Sync process shutdown routine
10-15-2005  04:34:42     Disconnecting from Host Application
10-15-2005  05:23:30     System.Runtime.InteropServices.COMException (0xDAC40111): The path specified for the file Z:\Documents and Settings\Brian Abbott\Local Settings\Application Data\Microsoft\Outlook\Outlook.pst is not valid.
   at Microsoft.Office.Interop.Outlook.MAPIFolder.get_DefaultItemType()
   at OutlookOIS.SyncManager.AddSingleFolderEventHandler(MAPIFolder folder, Boolean bUnignore)
10-15-2005  05:23:30     System.Runtime.InteropServices.COMException (0xDEE40111): The path specified for the file Z:\Documents and Settings\Brian Abbott\Local Settings\Application Data\Microsoft\Outlook\Outlook.pst is not valid.
   at Microsoft.Office.Interop.Outlook.MAPIFolder.get_Folders()
   at OutlookOIS.SyncManager.AddFolderEventHandlers(MAPIFolder folder)
10-15-2005  05:23:30     System.Runtime.InteropServices.COMException (0xE7240111): The path specified for the file Z:\Local Settings\Application Data\Microsoft\Outlook\Outlook.pst is not valid.
   at Microsoft.Office.Interop.Outlook.MAPIFolder.get_DefaultItemType()
   at OutlookOIS.SyncManager.AddSingleFolderEventHandler(MAPIFolder folder, Boolean bUnignore)
10-15-2005  05:23:30     System.Runtime.InteropServices.COMException (0xEB440111): The path specified for the file Z:\Local Settings\Application Data\Microsoft\Outlook\Outlook.pst is not valid.
   at Microsoft.Office.Interop.Outlook.MAPIFolder.get_Folders()
   at OutlookOIS.SyncManager.AddFolderEventHandlers(MAPIFolder folder)
10-15-2005  05:27:10     Starting primary shutdown routine
10-15-2005  05:27:10     Performing Sync process shutdown routine
10-15-2005  05:27:10     Disconnecting from Host Application
10-15-2005  05:31:51     System.Runtime.InteropServices.COMException (0xDAC40111): The path specified for the file Z:\Documents and Settings\Brian Abbott\Local Settings\Application Data\Microsoft\Outlook\Outlook.pst is not valid.
   at Microsoft.Office.Interop.Outlook.MAPIFolder.get_DefaultItemType()
   at OutlookOIS.SyncManager.AddSingleFolderEventHandler(MAPIFolder folder, Boolean bUnignore)
10-15-2005  05:31:51     System.Runtime.InteropServices.COMException (0xDEE40111): The path specified for the file Z:\Documents and Settings\Brian Abbott\Local Settings\Application Data\Microsoft\Outlook\Outlook.pst is not valid.
   at Microsoft.Office.Interop.Outlook.MAPIFolder.get_Folders()
   at OutlookOIS.SyncManager.AddFolderEventHandlers(MAPIFolder folder)
10-15-2005  05:31:51     System.Runtime.InteropServices.COMException (0xE7240111): The path specified for the file Z:\Local Settings\Application Data\Microsoft\Outlook\Outlook.pst is not valid.
   at Microsoft.Office.Interop.Outlook.MAPIFolder.get_DefaultItemType()
   at OutlookOIS.SyncManager.AddSingleFolderEventHandler(MAPIFolder folder, Boolean bUnignore)
10-15-2005  05:31:51     System.Runtime.InteropServices.COMException (0xEB440111): The path specified for the file Z:\Local Settings\Application Data\Microsoft\Outlook\Outlook.pst is not valid.
   at Microsoft.Office.Interop.Outlook.MAPIFolder.get_Folders()
   at OutlookOIS.SyncManager.AddFolderEventHandlers(MAPIFolder folder)
10-16-2005  06:11:07     System.Runtime.InteropServices.COMException (0xDAC40111): The path specified for the file Z:\Documents and Settings\Brian Abbott\Local Settings\Application Data\Microsoft\Outlook\Outlook.pst is not valid.
   at Microsoft.Office.Interop.Outlook.MAPIFolder.get_DefaultItemType()
   at OutlookOIS.SyncManager.AddSingleFolderEventHandler(MAPIFolder folder, Boolean bUnignore)
10-16-2005  06:11:07     System.Runtime.InteropServices.COMException (0xDEE40111): The path specified for the file Z:\Documents and Settings\Brian Abbott\Local Settings\Application Data\Microsoft\Outlook\Outlook.pst is not valid.
   at Microsoft.Office.Interop.Outlook.MAPIFolder.get_Folders()
   at OutlookOIS.SyncManager.AddFolderEventHandlers(MAPIFolder folder)
10-16-2005  06:11:07     System.Runtime.InteropServices.COMException (0xE7240111): The path specified for the file Z:\Local Settings\Application Data\Microsoft\Outlook\Outlook.pst is not valid.
   at Microsoft.Office.Interop.Outlook.MAPIFolder.get_DefaultItemType()
   at OutlookOIS.SyncManager.AddSingleFolderEventHandler(MAPIFolder folder, Boolean bUnignore)
10-16-2005  06:11:07     System.Runtime.InteropServices.COMException (0xEB440111): The path specified for the file Z:\Local Settings\Application Data\Microsoft\Outlook\Outlook.pst is not valid.
   at Microsoft.Office.Interop.Outlook.MAPIFolder.get_Folders()
   at OutlookOIS.SyncManager.AddFolderEventHandlers(MAPIFolder folder)
10-16-2005  06:39:17     Starting primary shutdown routine
10-16-2005  06:39:20     Performing Sync process shutdown routine
10-16-2005  06:39:22     Disconnecting from Host Application
10-16-2005  08:07:35     System.Runtime.InteropServices.COMException (0xDAC40111): The path specified for the file Z:\Documents and Settings\Brian Abbott\Local Settings\Application Data\Microsoft\Outlook\Outlook.pst is not valid.
   at Microsoft.Office.Interop.Outlook.MAPIFolder.get_DefaultItemType()
   at OutlookOIS.SyncManager.AddSingleFolderEventHandler(MAPIFolder folder, Boolean bUnignore)
10-16-2005  08:07:35     System.Runtime.InteropServices.COMException (0xDEE40111): The path specified for the file Z:\Documents and Settings\Brian Abbott\Local Settings\Application Data\Microsoft\Outlook\Outlook.pst is not valid.
   at Microsoft.Office.Interop.Outlook.MAPIFolder.get_Folders()
   at OutlookOIS.SyncManager.AddFolderEventHandlers(MAPIFolder folder)
10-16-2005  08:07:35     System.Runtime.InteropServices.COMException (0xE7240111): The path specified for the file Z:\Local Settings\Application Data\Microsoft\Outlook\Outlook.pst is not valid.
   at Microsoft.Office.Interop.Outlook.MAPIFolder.get_DefaultItemType()
   at OutlookOIS.SyncManager.AddSingleFolderEventHandler(MAPIFolder folder, Boolean bUnignore)
10-16-2005  08:07:35     System.Runtime.InteropServices.COMException (0xEB440111): The path specified for the file Z:\Local Settings\Application Data\Microsoft\Outlook\Outlook.pst is not valid.
   at Microsoft.Office.Interop.Outlook.MAPIFolder.get_Folders()
   at OutlookOIS.SyncManager.AddFolderEventHandlers(MAPIFolder folder)
10-17-2005  12:20:48     Starting primary shutdown routine
10-17-2005  12:20:54     Performing Sync process shutdown routine
10-17-2005  12:20:57     Disconnecting from Host Application
10-17-2005  07:24:54     System.Runtime.InteropServices.COMException (0xDAC40111): The path specified for the file Z:\Documents and Settings\Brian Abbott\Local Settings\Application Data\Microsoft\Outlook\Outlook.pst is not valid.
   at Microsoft.Office.Interop.Outlook.MAPIFolder.get_DefaultItemType()
   at OutlookOIS.SyncManager.AddSingleFolderEventHandler(MAPIFolder folder, Boolean bUnignore)
10-17-2005  07:24:55     System.Runtime.InteropServices.COMException (0xDEE40111): The path specified for the file Z:\Documents and Settings\Brian Abbott\Local Settings\Application Data\Microsoft\Outlook\Outlook.pst is not valid.
   at Microsoft.Office.Interop.Outlook.MAPIFolder.get_Folders()
   at OutlookOIS.SyncManager.AddFolderEventHandlers(MAPIFolder folder)
10-17-2005  07:24:55     System.Runtime.InteropServices.COMException (0xE7240111): The path specified for the file Z:\Local Settings\Application Data\Microsoft\Outlook\Outlook.pst is not valid.
   at Microsoft.Office.Interop.Outlook.MAPIFolder.get_DefaultItemType()
   at OutlookOIS.SyncManager.AddSingleFolderEventHandler(MAPIFolder folder, Boolean bUnignore)
10-17-2005  07:24:55     System.Runtime.InteropServices.COMException (0xEB440111): The path specified for the file Z:\Local Settings\Application Data\Microsoft\Outlook\Outlook.pst is not valid.
   at Microsoft.Office.Interop.Outlook.MAPIFolder.get_Folders()
   at OutlookOIS.SyncManager.AddFolderEventHandlers(MAPIFolder folder)
10-17-2005  09:27:57     Starting primary shutdown routine
10-17-2005  09:28:02     Performing Sync process shutdown routine
10-17-2005  09:28:05     Disconnecting from Host Application
10-18-2005  02:16:31     Starting primary shutdown routine
10-18-2005  02:16:38     Performing Sync process shutdown routine
10-18-2005  02:17:36     Disconnecting from Host Application
10-18-2005  08:47:16     System.Runtime.InteropServices.COMException (0xDAC40111): The path specified for the file Z:\Documents and Settings\Brian Abbott\Local Settings\Application Data\Microsoft\Outlook\Outlook.pst is not valid.
   at Microsoft.Office.Interop.Outlook.MAPIFolder.get_DefaultItemType()
   at OutlookOIS.SyncManager.AddSingleFolderEventHandler(MAPIFolder folder, Boolean bUnignore)
10-18-2005  08:47:16     System.Runtime.InteropServices.COMException (0xDEE40111): The path specified for the file Z:\Documents and Settings\Brian Abbott\Local Settings\Application Data\Microsoft\Outlook\Outlook.pst is not valid.
   at Microsoft.Office.Interop.Outlook.MAPIFolder.get_Folders()
   at OutlookOIS.SyncManager.AddFolderEventHandlers(MAPIFolder folder)
10-18-2005  08:47:16     System.Runtime.InteropServices.COMException (0xE7240111): The path specified for the file Z:\Local Settings\Application Data\Microsoft\Outlook\Outlook.pst is not valid.
   at Microsoft.Office.Interop.Outlook.MAPIFolder.get_DefaultItemType()
   at OutlookOIS.SyncManager.AddSingleFolderEventHandler(MAPIFolder folder, Boolean bUnignore)
10-18-2005  08:47:16     System.Runtime.InteropServices.COMException (0xEB440111): The path specified for the file Z:\Local Settings\Application Data\Microsoft\Outlook\Outlook.pst is not valid.
   at Microsoft.Office.Interop.Outlook.MAPIFolder.get_Folders()
   at OutlookOIS.SyncManager.AddFolderEventHandlers(MAPIFolder folder)
10-18-2005  09:59:34     Starting primary shutdown routine
10-18-2005  09:59:38     Performing Sync process shutdown routine
10-19-2005  08:13:07     System.Runtime.InteropServices.COMException (0xDAC40111): The path specified for the file Z:\Documents and Settings\Brian Abbott\Local Settings\Application Data\Microsoft\Outlook\Outlook.pst is not valid.
   at Microsoft.Office.Interop.Outlook.MAPIFolder.get_DefaultItemType()
   at OutlookOIS.SyncManager.AddSingleFolderEventHandler(MAPIFolder folder, Boolean bUnignore)
10-19-2005  08:13:07     System.Runtime.InteropServices.COMException (0xDEE40111): The path specified for the file Z:\Documents and Settings\Brian Abbott\Local Settings\Application Data\Microsoft\Outlook\Outlook.pst is not valid.
   at Microsoft.Office.Interop.Outlook.MAPIFolder.get_Folders()
   at OutlookOIS.SyncManager.AddFolderEventHandlers(MAPIFolder folder)
10-19-2005  08:13:07     System.Runtime.InteropServices.COMException (0xE7240111): The path specified for the file Z:\Local Settings\Application Data\Microsoft\Outlook\Outlook.pst is not valid.
   at Microsoft.Office.Interop.Outlook.MAPIFolder.get_DefaultItemType()
   at OutlookOIS.SyncManager.AddSingleFolderEventHandler(MAPIFolder folder, Boolean bUnignore)
10-19-2005  08:13:07     System.Runtime.InteropServices.COMException (0xEB440111): The path specified for the file Z:\Local Settings\Application Data\Microsoft\Outlook\Outlook.pst is not valid.
   at Microsoft.Office.Interop.Outlook.MAPIFolder.get_Folders()
   at OutlookOIS.SyncManager.AddFolderEventHandlers(MAPIFolder folder)
10-19-2005  08:33:56     Starting primary shutdown routine
10-19-2005  08:33:56     Performing Sync process shutdown routine
10-19-2005  08:33:56     Disconnecting from Host Application
10-20-2005  03:39:09     System.Runtime.InteropServices.COMException (0xDAC40111): The path specified for the file Z:\Documents and Settings\Brian Abbott\Local Settings\Application Data\Microsoft\Outlook\Outlook.pst is not valid.
   at Microsoft.Office.Interop.Outlook.MAPIFolder.get_DefaultItemType()
   at OutlookOIS.SyncManager.AddSingleFolderEventHandler(MAPIFolder folder, Boolean bUnignore)
10-20-2005  03:39:10     System.Runtime.InteropServices.COMException (0xDEE40111): The path specified for the file Z:\Documents and Settings\Brian Abbott\Local Settings\Application Data\Microsoft\Outlook\Outlook.pst is not valid.
   at Microsoft.Office.Interop.Outlook.MAPIFolder.get_Folders()
   at OutlookOIS.SyncManager.AddFolderEventHandlers(MAPIFolder folder)
10-20-2005  03:39:10     System.Runtime.InteropServices.COMException (0xE7240111): The path specified for the file Z:\Local Settings\Application Data\Microsoft\Outlook\Outlook.pst is not valid.
   at Microsoft.Office.Interop.Outlook.MAPIFolder.get_DefaultItemType()
   at OutlookOIS.SyncManager.AddSingleFolderEventHandler(MAPIFolder folder, Boolean bUnignore)
10-20-2005  03:39:10     System.Runtime.InteropServices.COMException (0xEB440111): The path specified for the file Z:\Local Settings\Application Data\Microsoft\Outlook\Outlook.pst is not valid.
   at Microsoft.Office.Interop.Outlook.MAPIFolder.get_Folders()
   at OutlookOIS.SyncManager.AddFolderEventHandlers(MAPIFolder folder)
10-20-2005  04:38:55     Starting primary shutdown routine
10-20-2005  04:38:58     Performing Sync process shutdown routine
10-20-2005  04:39:01     Disconnecting from Host Application
10-20-2005  10:35:21     System.Runtime.InteropServices.COMException (0xDAC40111): The path specified for the file Z:\Documents and Settings\Brian Abbott\Local Settings\Application Data\Microsoft\Outlook\Outlook.pst is not valid.
   at Microsoft.Office.Interop.Outlook.MAPIFolder.get_DefaultItemType()
   at OutlookOIS.SyncManager.AddSingleFolderEventHandler(MAPIFolder folder, Boolean bUnignore)
10-20-2005  10:35:21     System.Runtime.InteropServices.COMException (0xDEE40111): The path specified for the file Z:\Documents and Settings\Brian Abbott\Local Settings\Application Data\Microsoft\Outlook\Outlook.pst is not valid.
   at Microsoft.Office.Interop.Outlook.MAPIFolder.get_Folders()
   at OutlookOIS.SyncManager.AddFolderEventHandlers(MAPIFolder folder)
10-20-2005  10:35:21     System.Runtime.InteropServices.COMException (0xE7240111): The path specified for the file Z:\Local Settings\Application Data\Microsoft\Outlook\Outlook.pst is not valid.
   at Microsoft.Office.Interop.Outlook.MAPIFolder.get_DefaultItemType()
   at OutlookOIS.SyncManager.AddSingleFolderEventHandler(MAPIFolder folder, Boolean bUnignore)
10-20-2005  10:35:21     System.Runtime.InteropServices.COMException (0xEB440111): The path specified for the file Z:\Local Settings\Application Data\Microsoft\Outlook\Outlook.pst is not valid.
   at Microsoft.Office.Interop.Outlook.MAPIFolder.get_Folders()
   at OutlookOIS.SyncManager.AddFolderEventHandlers(MAPIFolder folder)
10-21-2005  01:43:09     Starting primary shutdown routine
10-21-2005  01:43:11     Performing Sync process shutdown routine
10-21-2005  01:43:12     Disconnecting from Host Application
10-22-2005  12:20:09     System.Runtime.InteropServices.COMException (0xDAC40111): The path specified for the file Z:\Documents and Settings\Brian Abbott\Local Settings\Application Data\Microsoft\Outlook\Outlook.pst is not valid.
   at Microsoft.Office.Interop.Outlook.MAPIFolder.get_DefaultItemType()
   at OutlookOIS.SyncManager.AddSingleFolderEventHandler(MAPIFolder folder, Boolean bUnignore)
10-22-2005  12:20:09     System.Runtime.InteropServices.COMException (0xDEE40111): The path specified for the file Z:\Documents and Settings\Brian Abbott\Local Settings\Application Data\Microsoft\Outlook\Outlook.pst is not valid.
   at Microsoft.Office.Interop.Outlook.MAPIFolder.get_Folders()
   at OutlookOIS.SyncManager.AddFolderEventHandlers(MAPIFolder folder)
10-22-2005  12:20:09     System.Runtime.InteropServices.COMException (0xE7240111): The path specified for the file Z:\Local Settings\Application Data\Microsoft\Outlook\Outlook.pst is not valid.
   at Microsoft.Office.Interop.Outlook.MAPIFolder.get_DefaultItemType()
   at OutlookOIS.SyncManager.AddSingleFolderEventHandler(MAPIFolder folder, Boolean bUnignore)
10-22-2005  12:20:09     System.Runtime.InteropServices.COMException (0xEB440111): The path specified for the file Z:\Local Settings\Application Data\Microsoft\Outlook\Outlook.pst is not valid.
   at Microsoft.Office.Interop.Outlook.MAPIFolder.get_Folders()
   at OutlookOIS.SyncManager.AddFolderEventHandlers(MAPIFolder folder)
10-22-2005  04:52:11     System.Runtime.InteropServices.COMException (0xDAC40111): The path specified for the file Z:\Documents and Settings\Brian Abbott\Local Settings\Application Data\Microsoft\Outlook\Outlook.pst is not valid.
   at Microsoft.Office.Interop.Outlook.MAPIFolder.get_DefaultItemType()
   at OutlookOIS.SyncManager.AddSingleFolderEventHandler(MAPIFolder folder, Boolean bUnignore)
10-22-2005  04:52:11     System.Runtime.InteropServices.COMException (0xDEE40111): The path specified for the file Z:\Documents and Settings\Brian Abbott\Local Settings\Application Data\Microsoft\Outlook\Outlook.pst is not valid.
   at Microsoft.Office.Interop.Outlook.MAPIFolder.get_Folders()
   at OutlookOIS.SyncManager.AddFolderEventHandlers(MAPIFolder folder)
10-22-2005  04:52:11     System.Runtime.InteropServices.COMException (0xE7240111): The path specified for the file Z:\Local Settings\Application Data\Microsoft\Outlook\Outlook.pst is not valid.
   at Microsoft.Office.Interop.Outlook.MAPIFolder.get_DefaultItemType()
   at OutlookOIS.SyncManager.AddSingleFolderEventHandler(MAPIFolder folder, Boolean bUnignore)
10-22-2005  04:52:11     System.Runtime.InteropServices.COMException (0xEB440111): The path specified for the file Z:\Local Settings\Application Data\Microsoft\Outlook\Outlook.pst is not valid.
   at Microsoft.Office.Interop.Outlook.MAPIFolder.get_Folders()
   at OutlookOIS.SyncManager.AddFolderEventHandlers(MAPIFolder folder)
10-22-2005  07:45:46     Starting primary shutdown routine
10-22-2005  07:45:48     Performing Sync process shutdown routine
10-22-2005  07:45:50     Disconnecting from Host Application
10-23-2005  12:01:41     Starting primary shutdown routine
10-23-2005  12:01:43     Performing Sync process shutdown routine
10-23-2005  12:01:45     Disconnecting from Host Application
10-23-2005  12:31:46     Starting primary shutdown routine
10-23-2005  12:31:47     Performing Sync process shutdown routine
10-23-2005  12:31:47     Disconnecting from Host Application
10-23-2005  05:18:41     System.Runtime.InteropServices.COMException (0xDAC40111): The path specified for the file Z:\Documents and Settings\Brian Abbott\Local Settings\Application Data\Microsoft\Outlook\Outlook.pst is not valid.
   at Microsoft.Office.Interop.Outlook.MAPIFolder.get_DefaultItemType()
   at OutlookOIS.SyncManager.AddSingleFolderEventHandler(MAPIFolder folder, Boolean bUnignore)
10-23-2005  05:18:41     System.Runtime.InteropServices.COMException (0xDEE40111): The path specified for the file Z:\Documents and Settings\Brian Abbott\Local Settings\Application Data\Microsoft\Outlook\Outlook.pst is not valid.
   at Microsoft.Office.Interop.Outlook.MAPIFolder.get_Folders()
   at OutlookOIS.SyncManager.AddFolderEventHandlers(MAPIFolder folder)
10-23-2005  05:18:41     System.Runtime.InteropServices.COMException (0xE7240111): The path specified for the file Z:\Local Settings\Application Data\Microsoft\Outlook\Outlook.pst is not valid.
   at Microsoft.Office.Interop.Outlook.MAPIFolder.get_DefaultItemType()
   at OutlookOIS.SyncManager.AddSingleFolderEventHandler(MAPIFolder folder, Boolean bUnignore)
10-23-2005  05:18:41     System.Runtime.InteropServices.COMException (0xEB440111): The path specified for the file Z:\Local Settings\Application Data\Microsoft\Outlook\Outlook.pst is not valid.
   at Microsoft.Office.Interop.Outlook.MAPIFolder.get_Folders()
   at OutlookOIS.SyncManager.AddFolderEventHandlers(MAPIFolder folder)
10-23-2005  11:47:22     Starting primary shutdown routine
10-23-2005  11:47:25     Performing Sync process shutdown routine
10-23-2005  11:47:28     Disconnecting from Host Application
10-25-2005  12:46:18     System.Runtime.InteropServices.COMException (0xD6A40111): The path specified for the file Z:\Documents and Settings\Brian Abbott\Local Settings\Application Data\Microsoft\Outlook\Outlook.pst is not valid.
   at Microsoft.Office.Interop.Outlook.MAPIFolder.get_DefaultItemType()
   at OutlookOIS.SyncManager.AddSingleFolderEventHandler(MAPIFolder folder, Boolean bUnignore)
10-25-2005  12:46:18     System.Runtime.InteropServices.COMException (0xDAC40111): The path specified for the file Z:\Documents and Settings\Brian Abbott\Local Settings\Application Data\Microsoft\Outlook\Outlook.pst is not valid.
   at Microsoft.Office.Interop.Outlook.MAPIFolder.get_Folders()
   at OutlookOIS.SyncManager.AddFolderEventHandlers(MAPIFolder folder)
10-25-2005  12:46:18     System.Runtime.InteropServices.COMException (0xE3040111): The path specified for the file Z:\Local Settings\Application Data\Microsoft\Outlook\Outlook.pst is not valid.
   at Microsoft.Office.Interop.Outlook.MAPIFolder.get_DefaultItemType()
   at OutlookOIS.SyncManager.AddSingleFolderEventHandler(MAPIFolder folder, Boolean bUnignore)
10-25-2005  12:46:19     System.Runtime.InteropServices.COMException (0xE7240111): The path specified for the file Z:\Local Settings\Application Data\Microsoft\Outlook\Outlook.pst is not valid.
   at Microsoft.Office.Interop.Outlook.MAPIFolder.get_Folders()
   at OutlookOIS.SyncManager.AddFolderEventHandlers(MAPIFolder folder)
10-25-2005  12:48:32     Starting primary shutdown routine
10-25-2005  12:48:32     Performing Sync process shutdown routine
10-25-2005  12:48:32     Disconnecting from Host Application
10-26-2005  01:46:45     System.Runtime.InteropServices.COMException (0xD6A40111): The path specified for the file Z:\Documents and Settings\Brian Abbott\Local Settings\Application Data\Microsoft\Outlook\Outlook.pst is not valid.
   at Microsoft.Office.Interop.Outlook.MAPIFolder.get_DefaultItemType()
   at OutlookOIS.SyncManager.AddSingleFolderEventHandler(MAPIFolder folder, Boolean bUnignore)
10-26-2005  01:46:45     System.Runtime.InteropServices.COMException (0xDAC40111): The path specified for the file Z:\Documents and Settings\Brian Abbott\Local Settings\Application Data\Microsoft\Outlook\Outlook.pst is not valid.
   at Microsoft.Office.Interop.Outlook.MAPIFolder.get_Folders()
   at OutlookOIS.SyncManager.AddFolderEventHandlers(MAPIFolder folder)
10-26-2005  01:46:45     System.Runtime.InteropServices.COMException (0xE3040111): The path specified for the file Z:\Local Settings\Application Data\Microsoft\Outlook\Outlook.pst is not valid.
   at Microsoft.Office.Interop.Outlook.MAPIFolder.get_DefaultItemType()
   at OutlookOIS.SyncManager.AddSingleFolderEventHandler(MAPIFolder folder, Boolean bUnignore)
10-26-2005  01:46:45     System.Runtime.InteropServices.COMException (0xE7240111): The path specified for the file Z:\Local Settings\Application Data\Microsoft\Outlook\Outlook.pst is not valid.
   at Microsoft.Office.Interop.Outlook.MAPIFolder.get_Folders()
   at OutlookOIS.SyncManager.AddFolderEventHandlers(MAPIFolder folder)
10-26-2005  02:57:45     Starting primary shutdown routine
10-26-2005  02:57:52     Performing Sync process shutdown routine
10-26-2005  02:58:03     Disconnecting from Host Application
10-27-2005  02:01:09     Starting primary shutdown routine
10-27-2005  02:01:15     Performing Sync process shutdown routine
10-27-2005  02:01:16     Disconnecting from Host Application
10-27-2005  09:14:41     System.Runtime.InteropServices.COMException (0xD6A40111): The path specified for the file Z:\Documents and Settings\Brian Abbott\Local Settings\Application Data\Microsoft\Outlook\Outlook.pst is not valid.
   at Microsoft.Office.Interop.Outlook.MAPIFolder.get_DefaultItemType()
   at OutlookOIS.SyncManager.AddSingleFolderEventHandler(MAPIFolder folder, Boolean bUnignore)
10-27-2005  09:14:41     System.Runtime.InteropServices.COMException (0xDAC40111): The path specified for the file Z:\Documents and Settings\Brian Abbott\Local Settings\Application Data\Microsoft\Outlook\Outlook.pst is not valid.
   at Microsoft.Office.Interop.Outlook.MAPIFolder.get_Folders()
   at OutlookOIS.SyncManager.AddFolderEventHandlers(MAPIFolder folder)
10-27-2005  09:14:41     System.Runtime.InteropServices.COMException (0xE3040111): The path specified for the file Z:\Local Settings\Application Data\Microsoft\Outlook\Outlook.pst is not valid.
   at Microsoft.Office.Interop.Outlook.MAPIFolder.get_DefaultItemType()
   at OutlookOIS.SyncManager.AddSingleFolderEventHandler(MAPIFolder folder, Boolean bUnignore)
10-27-2005  09:14:41     System.Runtime.InteropServices.COMException (0xE7240111): The path specified for the file Z:\Local Settings\Application Data\Microsoft\Outlook\Outlook.pst is not valid.
   at Microsoft.Office.Interop.Outlook.MAPIFolder.get_Folders()
   at OutlookOIS.SyncManager.AddFolderEventHandlers(MAPIFolder folder)
10-27-2005  09:20:41     Starting primary shutdown routine
10-27-2005  09:20:41     Performing Sync process shutdown routine
10-27-2005  09:20:41     Disconnecting from Host Application
10-28-2005  12:27:23     System.Runtime.InteropServices.COMException (0xD6A40111): The path specified for the file Z:\Documents and Settings\Brian Abbott\Local Settings\Application Data\Microsoft\Outlook\Outlook.pst is not valid.
   at Microsoft.Office.Interop.Outlook.MAPIFolder.get_DefaultItemType()
   at OutlookOIS.SyncManager.AddSingleFolderEventHandler(MAPIFolder folder, Boolean bUnignore)
10-28-2005  12:27:23     System.Runtime.InteropServices.COMException (0xDAC40111): The path specified for the file Z:\Documents and Settings\Brian Abbott\Local Settings\Application Data\Microsoft\Outlook\Outlook.pst is not valid.
   at Microsoft.Office.Interop.Outlook.MAPIFolder.get_Folders()
   at OutlookOIS.SyncManager.AddFolderEventHandlers(MAPIFolder folder)
10-28-2005  12:27:23     System.Runtime.InteropServices.COMException (0xE3040111): The path specified for the file Z:\Local Settings\Application Data\Microsoft\Outlook\Outlook.pst is not valid.
   at Microsoft.Office.Interop.Outlook.MAPIFolder.get_DefaultItemType()
   at OutlookOIS.SyncManager.AddSingleFolderEventHandler(MAPIFolder folder, Boolean bUnignore)
10-28-2005  12:27:23     System.Runtime.InteropServices.COMException (0xE7240111): The path specified for the file Z:\Local Settings\Application Data\Microsoft\Outlook\Outlook.pst is not valid.
   at Microsoft.Office.Interop.Outlook.MAPIFolder.get_Folders()
   at OutlookOIS.SyncManager.AddFolderEventHandlers(MAPIFolder folder)
10-28-2005  09:16:25     Starting primary shutdown routine
10-28-2005  09:16:34     Performing Sync process shutdown routine
